<?xml version="1.0" encoding="UTF-8"?>
<testsuite xmlns:xsi="http://www.w3.org/2001/XMLSchema-instance" xsi:noNamespaceSchemaLocation="https://maven.apache.org/surefire/maven-surefire-plugin/xsd/surefire-test-report-3.0.xsd" version="3.0" name="usyd.library_reservation_system.library_reservation_system.controller.BookControllerTest" time="15.246" tests="27" errors="0" skipped="0" failures="0">
  <properties>
[...]
</properties>
  <testcase name="testUploadCover_WithValidFile" classname="usyd.library_reservation_system.library_reservation_system.controller.BookControllerTest" time="0.07">
    <system-out><![CDATA[2025-11-02T17:12:09.424+11:00  INFO 30976 --- [library-reservation-system] [           main] t.c.s.AnnotationConfigContextLoaderUtils : Could not detect default configuration classes for test class [usyd.library_reservation_system.library_reservation_system.controller.BookControllerTest]: BookControllerTest does not declare any static, non-private, non-final, nested classes annotated with @Configuration.
2025-11-02T17:12:09.434+11:00  INFO 30976 --- [library-reservation-system] [           main] .b.t.c.SpringBootTestContextBootstrapper : Found @SpringBootConfiguration usyd.library_reservation_system.library_reservation_system.LibraryReservationSystemApplication for test class usyd.library_reservation_system.library_reservation_system.controller.BookControllerTest

  .   ____          _            __ _ _
 /\\ / ___'_ __ _ _(_)_ __  __ _ \ \ \ \
( ( )\___ | '_ | '_| | '_ \/ _` | \ \ \ \
 \\/  ___)| |_)| | | | | || (_| |  ) ) ) )
  '  |____| .__|_| |_|_| |_\__, | / / / /
 =========|_|==============|___/=/_/_/_/

 :: Spring Boot ::                (v3.5.5)

2025-11-02T17:12:09.536+11:00  INFO 30976 --- [library-reservation-system] [           main] u.l.l.controller.BookControllerTest      : Starting BookControllerTest using Java 21.0.8 with PID 30976 (started by Admin in C:\Users\Admin\Documents\GitHub\Mon-12-15-Lab-Group-5\library-reservation-system)
2025-11-02T17:12:09.537+11:00  INFO 30976 --- [library-reservation-system] [           main] u.l.l.controller.BookControllerTest      : No active profile set, falling back to 1 default profile: "default"
2025-11-02T17:12:10.734+11:00  INFO 30976 --- [library-reservation-system] [           main] .s.d.r.c.RepositoryConfigurationDelegate : Bootstrapping Spring Data JPA repositories in DEFAULT mode.
2025-11-02T17:12:10.918+11:00  INFO 30976 --- [library-reservation-system] [           main] .s.d.r.c.RepositoryConfigurationDelegate : Finished Spring Data repository scanning in 145 ms. Found 7 JPA repository interfaces.
2025-11-02T17:12:12.112+11:00  INFO 30976 --- [library-reservation-system] [           main] o.hibernate.jpa.internal.util.LogHelper  : HHH000204: Processing PersistenceUnitInfo [name: default]
2025-11-02T17:12:12.491+11:00  INFO 30976 --- [library-reservation-system] [           main] org.hibernate.Version                    : HHH000412: Hibernate ORM core version 6.6.26.Final
2025-11-02T17:12:12.656+11:00  INFO 30976 --- [library-reservation-system] [           main] o.h.c.internal.RegionFactoryInitiator    : HHH000026: Second-level cache disabled
2025-11-02T17:12:13.038+11:00  INFO 30976 --- [library-reservation-system] [           main] o.s.o.j.p.SpringPersistenceUnitInfo      : No LoadTimeWeaver setup: ignoring JPA class transformer
2025-11-02T17:12:13.161+11:00  INFO 30976 --- [library-reservation-system] [           main] com.zaxxer.hikari.HikariDataSource       : HikariPool-1 - Starting...
2025-11-02T17:12:13.688+11:00  INFO 30976 --- [library-reservation-system] [           main] com.zaxxer.hikari.pool.HikariPool        : HikariPool-1 - Added connection com.mysql.cj.jdbc.ConnectionImpl@290f5bf1
2025-11-02T17:12:13.693+11:00  INFO 30976 --- [library-reservation-system] [           main] com.zaxxer.hikari.HikariDataSource       : HikariPool-1 - Start completed.
2025-11-02T17:12:13.833+11:00  WARN 30976 --- [library-reservation-system] [           main] org.hibernate.orm.deprecation            : HHH90000025: MySQL8Dialect does not need to be specified explicitly using 'hibernate.dialect' (remove the property setting and it will be selected by default)
2025-11-02T17:12:13.833+11:00  WARN 30976 --- [library-reservation-system] [           main] org.hibernate.orm.deprecation            : HHH90000026: MySQL8Dialect has been deprecated; use org.hibernate.dialect.MySQLDialect instead
2025-11-02T17:12:13.917+11:00  INFO 30976 --- [library-reservation-system] [           main] org.hibernate.orm.connections.pooling    : HHH10001005: Database info:
	Database JDBC URL [Connecting through datasource 'HikariDataSource (HikariPool-1)']
	Database driver: undefined/unknown
	Database version: 8.0
	Autocommit mode: undefined/unknown
	Isolation level: undefined/unknown
	Minimum pool size: undefined/unknown
	Maximum pool size: undefined/unknown
2025-11-02T17:12:17.523+11:00  INFO 30976 --- [library-reservation-system] [           main] o.h.e.t.j.p.i.JtaPlatformInitiator       : HHH000489: No JTA platform available (set 'hibernate.transaction.jta.platform' to enable JTA platform integration)
2025-11-02T17:12:17.887+11:00  INFO 30976 --- [library-reservation-system] [           main] j.LocalContainerEntityManagerFactoryBean : Initialized JPA EntityManagerFactory for persistence unit 'default'
2025-11-02T17:12:19.685+11:00  INFO 30976 --- [library-reservation-system] [           main] o.s.d.j.r.query.QueryEnhancerFactory     : Hibernate is in classpath; If applicable, HQL parser will be used.
2025-11-02T17:12:22.496+11:00  WARN 30976 --- [library-reservation-system] [           main] JpaBaseConfiguration$JpaWebConfiguration : spring.jpa.open-in-view is enabled by default. Therefore, database queries may be performed during view rendering. Explicitly configure spring.jpa.open-in-view to disable this warning
2025-11-02T17:12:22.936+11:00  INFO 30976 --- [library-reservation-system] [           main] o.s.b.t.m.w.SpringBootMockServletContext : Initializing Spring TestDispatcherServlet ''
2025-11-02T17:12:22.936+11:00  INFO 30976 --- [library-reservation-system] [           main] o.s.t.web.servlet.TestDispatcherServlet  : Initializing Servlet ''
2025-11-02T17:12:22.936+11:00  INFO 30976 --- [library-reservation-system] [           main] o.s.t.web.servlet.TestDispatcherServlet  : Completed initialization in 0 ms
2025-11-02T17:12:22.961+11:00  INFO 30976 --- [library-reservation-system] [           main] u.l.l.controller.BookControllerTest      : Started BookControllerTest in 13.51 seconds (process running for 65.167)
📤 Received upload request - File: test-cover.jpg, Size: 18
📝 Original filename: test-cover.jpg
📝 Generated filename: cfc73cb0-7dc0-4869-a1c7-6e48039dc934.jpg
🔍 Current working directory: C:\Users\Admin\Documents\GitHub\Mon-12-15-Lab-Group-5\library-reservation-system
🔍 Testing path: C:\Users\Admin\Documents\GitHub\Mon-12-15-Lab-Group-5\library-reservation-system\src\main\webapp -> NOT FOUND
🔍 Testing path: C:\Users\Admin\Documents\GitHub\Mon-12-15-Lab-Group-5\library-reservation-system\library-reservation-system\src\main\webapp -> NOT FOUND
🔍 Testing path: src/main/webapp -> NOT FOUND
🔍 Testing path: library-reservation-system/src/main/webapp -> NOT FOUND
⚠️ No webapp path found, using: C:\Users\Admin\Documents\GitHub\Mon-12-15-Lab-Group-5\library-reservation-system
📂 Using webapp path: C:\Users\Admin\Documents\GitHub\Mon-12-15-Lab-Group-5\library-reservation-system
📂 Upload directory: C:\Users\Admin\Documents\GitHub\Mon-12-15-Lab-Group-5\library-reservation-system\resource\img\covers\
📁 Directory created: true
💾 Saving file to: C:\Users\Admin\Documents\GitHub\Mon-12-15-Lab-Group-5\library-reservation-system\resource\img\covers\cfc73cb0-7dc0-4869-a1c7-6e48039dc934.jpg
✅ Cover uploaded successfully: /img/covers/cfc73cb0-7dc0-4869-a1c7-6e48039dc934.jpg
]]></system-out>
  </testcase>
  <testcase name="testIncrementReservationCount_Exists" classname="usyd.library_reservation_system.library_reservation_system.controller.BookControllerTest" time="0.44">
    <system-out><![CDATA[2025-11-02T17:12:23.189+11:00 DEBUG 30976 --- [library-reservation-system] [           main] org.hibernate.SQL                        : 
    select
        b1_0.book_id,
        b1_0.author,
        b1_0.avatar,
        b1_0.book_name,
        b1_0.description,
        b1_0.label_id,
        b1_0.num_favorite,
        b1_0.num_reservation,
        b1_0.quantity 
    from
        book b1_0 
    where
        b1_0.book_id=?
Hibernate: 
    select
        b1_0.book_id,
        b1_0.author,
        b1_0.avatar,
        b1_0.book_name,
        b1_0.description,
        b1_0.label_id,
        b1_0.num_favorite,
        b1_0.num_reservation,
        b1_0.quantity 
    from
        book b1_0 
    where
        b1_0.book_id=?
2025-11-02T17:12:23.422+11:00 DEBUG 30976 --- [library-reservation-system] [           main] org.hibernate.SQL                        : 
    update
        book 
    set
        author=?,
        avatar=?,
        book_name=?,
        description=?,
        label_id=?,
        num_favorite=?,
        num_reservation=?,
        quantity=? 
    where
        book_id=?
Hibernate: 
    update
        book 
    set
        author=?,
        avatar=?,
        book_name=?,
        description=?,
        label_id=?,
        num_favorite=?,
        num_reservation=?,
        quantity=? 
    where
        book_id=?
]]></system-out>
  </testcase>
  <testcase name="testIncrementFavoriteCount_WithoutHeader" classname="usyd.library_reservation_system.library_reservation_system.controller.BookControllerTest" time="0.02"/>
  <testcase name="testSearchBooks" classname="usyd.library_reservation_system.library_reservation_system.controller.BookControllerTest" time="0.194">
    <system-out><![CDATA[2025-11-02T17:12:23.679+11:00 DEBUG 30976 --- [library-reservation-system] [           main] org.hibernate.SQL                        : 
    select
        b1_0.book_id,
        b1_0.author,
        b1_0.avatar,
        b1_0.book_name,
        b1_0.description,
        b1_0.label_id,
        b1_0.num_favorite,
        b1_0.num_reservation,
        b1_0.quantity 
    from
        book b1_0 
    where
        b1_0.book_name like replace(?, '\\', '\\\\') 
        or b1_0.author like replace(?, '\\', '\\\\')
Hibernate: 
    select
        b1_0.book_id,
        b1_0.author,
        b1_0.avatar,
        b1_0.book_name,
        b1_0.description,
        b1_0.label_id,
        b1_0.num_favorite,
        b1_0.num_reservation,
        b1_0.quantity 
    from
        book b1_0 
    where
        b1_0.book_name like replace(?, '\\', '\\\\') 
        or b1_0.author like replace(?, '\\', '\\\\')
]]></system-out>
  </testcase>
  <testcase name="testGetAllBooks" classname="usyd.library_reservation_system.library_reservation_system.controller.BookControllerTest" time="0.068">
    <system-out><![CDATA[2025-11-02T17:12:23.735+11:00 DEBUG 30976 --- [library-reservation-system] [           main] org.hibernate.SQL                        : 
    select
        b1_0.book_id,
        b1_0.author,
        b1_0.avatar,
        b1_0.book_name,
        b1_0.description,
        b1_0.label_id,
        b1_0.num_favorite,
        b1_0.num_reservation,
        b1_0.quantity 
    from
        book b1_0
Hibernate: 
    select
        b1_0.book_id,
        b1_0.author,
        b1_0.avatar,
        b1_0.book_name,
        b1_0.description,
        b1_0.label_id,
        b1_0.num_favorite,
        b1_0.num_reservation,
        b1_0.quantity 
    from
        book b1_0
]]></system-out>
  </testcase>
  <testcase name="testSearchByLabel" classname="usyd.library_reservation_system.library_reservation_system.controller.BookControllerTest" time="0.121">
    <system-out><![CDATA[2025-11-02T17:12:23.849+11:00 DEBUG 30976 --- [library-reservation-system] [           main] org.hibernate.SQL                        : 
    SELECT
        b.book_id AS bookId,
        b.book_name AS bookName 
    FROM
        book b 
    JOIN
        label l 
            ON l.label_id = b.label_id 
    WHERE
        l.label_name LIKE CONCAT('%', ?, '%') 
    ORDER BY
        (l.label_name = ?) DESC,
        -- 完全匹配优先   l.label_name ASC,
        -- 其次按 label 名（可选）   b.book_name ASC                -- 再按书名（可选） 
Hibernate: 
    SELECT
        b.book_id AS bookId,
        b.book_name AS bookName 
    FROM
        book b 
    JOIN
        label l 
            ON l.label_id = b.label_id 
    WHERE
        l.label_name LIKE CONCAT('%', ?, '%') 
    ORDER BY
        (l.label_name = ?) DESC,
        -- 完全匹配优先   l.label_name ASC,
        -- 其次按 label 名（可选）   b.book_name ASC                -- 再按书名（可选） 
]]></system-out>
  </testcase>
  <testcase name="testGetAvailableBooks" classname="usyd.library_reservation_system.library_reservation_system.controller.BookControllerTest" time="0.035">
    <system-out><![CDATA[2025-11-02T17:12:23.899+11:00 DEBUG 30976 --- [library-reservation-system] [           main] org.hibernate.SQL                        : 
    select
        b1_0.book_id,
        b1_0.author,
        b1_0.avatar,
        b1_0.book_name,
        b1_0.description,
        b1_0.label_id,
        b1_0.num_favorite,
        b1_0.num_reservation,
        b1_0.quantity 
    from
        book b1_0 
    where
        b1_0.quantity>?
Hibernate: 
    select
        b1_0.book_id,
        b1_0.author,
        b1_0.avatar,
        b1_0.book_name,
        b1_0.description,
        b1_0.label_id,
        b1_0.num_favorite,
        b1_0.num_reservation,
        b1_0.quantity 
    from
        book b1_0 
    where
        b1_0.quantity>?
]]></system-out>
  </testcase>
  <testcase name="testSearchBooksByName" classname="usyd.library_reservation_system.library_reservation_system.controller.BookControllerTest" time="0.028">
    <system-out><![CDATA[2025-11-02T17:12:23.934+11:00 DEBUG 30976 --- [library-reservation-system] [           main] org.hibernate.SQL                        : 
    select
        b1_0.book_id,
        b1_0.author,
        b1_0.avatar,
        b1_0.book_name,
        b1_0.description,
        b1_0.label_id,
        b1_0.num_favorite,
        b1_0.num_reservation,
        b1_0.quantity 
    from
        book b1_0 
    where
        b1_0.book_name like ? escape '\\'
Hibernate: 
    select
        b1_0.book_id,
        b1_0.author,
        b1_0.avatar,
        b1_0.book_name,
        b1_0.description,
        b1_0.label_id,
        b1_0.num_favorite,
        b1_0.num_reservation,
        b1_0.quantity 
    from
        book b1_0 
    where
        b1_0.book_name like ? escape '\\'
]]></system-out>
  </testcase>
  <testcase name="testUpdateBook_Exists" classname="usyd.library_reservation_system.library_reservation_system.controller.BookControllerTest" time="0.055">
    <system-out><![CDATA[2025-11-02T17:12:23.974+11:00 DEBUG 30976 --- [library-reservation-system] [           main] org.hibernate.SQL                        : 
    select
        b1_0.book_id,
        b1_0.author,
        b1_0.avatar,
        b1_0.book_name,
        b1_0.description,
        b1_0.label_id,
        b1_0.num_favorite,
        b1_0.num_reservation,
        b1_0.quantity 
    from
        book b1_0 
    where
        b1_0.book_id=?
Hibernate: 
    select
        b1_0.book_id,
        b1_0.author,
        b1_0.avatar,
        b1_0.book_name,
        b1_0.description,
        b1_0.label_id,
        b1_0.num_favorite,
        b1_0.num_reservation,
        b1_0.quantity 
    from
        book b1_0 
    where
        b1_0.book_id=?
2025-11-02T17:12:23.984+11:00 DEBUG 30976 --- [library-reservation-system] [           main] org.hibernate.SQL                        : 
    update
        book 
    set
        author=?,
        avatar=?,
        book_name=?,
        description=?,
        label_id=?,
        num_favorite=?,
        num_reservation=?,
        quantity=? 
    where
        book_id=?
Hibernate: 
    update
        book 
    set
        author=?,
        avatar=?,
        book_name=?,
        description=?,
        label_id=?,
        num_favorite=?,
        num_reservation=?,
        quantity=? 
    where
        book_id=?
]]></system-out>
  </testcase>
  <testcase name="testGetMostReservedBooks" classname="usyd.library_reservation_system.library_reservation_system.controller.BookControllerTest" time="0.065">
    <system-out><![CDATA[2025-11-02T17:12:24.039+11:00 DEBUG 30976 --- [library-reservation-system] [           main] org.hibernate.SQL                        : 
    select
        b1_0.book_id,
        b1_0.author,
        b1_0.avatar,
        b1_0.book_name,
        b1_0.description,
        b1_0.label_id,
        b1_0.num_favorite,
        b1_0.num_reservation,
        b1_0.quantity 
    from
        book b1_0 
    order by
        b1_0.num_reservation desc
Hibernate: 
    select
        b1_0.book_id,
        b1_0.author,
        b1_0.avatar,
        b1_0.book_name,
        b1_0.description,
        b1_0.label_id,
        b1_0.num_favorite,
        b1_0.num_reservation,
        b1_0.quantity 
    from
        book b1_0 
    order by
        b1_0.num_reservation desc
]]></system-out>
  </testcase>
  <testcase name="testUpdateBook_NotExists" classname="usyd.library_reservation_system.library_reservation_system.controller.BookControllerTest" time="0.02">
    <system-out><![CDATA[2025-11-02T17:12:24.079+11:00 DEBUG 30976 --- [library-reservation-system] [           main] org.hibernate.SQL                        : 
    select
        b1_0.book_id,
        b1_0.author,
        b1_0.avatar,
        b1_0.book_name,
        b1_0.description,
        b1_0.label_id,
        b1_0.num_favorite,
        b1_0.num_reservation,
        b1_0.quantity 
    from
        book b1_0 
    where
        b1_0.book_id=?
Hibernate: 
    select
        b1_0.book_id,
        b1_0.author,
        b1_0.avatar,
        b1_0.book_name,
        b1_0.description,
        b1_0.label_id,
        b1_0.num_favorite,
        b1_0.num_reservation,
        b1_0.quantity 
    from
        book b1_0 
    where
        b1_0.book_id=?
]]></system-out>
  </testcase>
  <testcase name="testGetMostPopularBooks" classname="usyd.library_reservation_system.library_reservation_system.controller.BookControllerTest" time="0.048">
    <system-out><![CDATA[2025-11-02T17:12:24.103+11:00 DEBUG 30976 --- [library-reservation-system] [           main] org.hibernate.SQL                        : 
    select
        b1_0.book_id,
        b1_0.author,
        b1_0.avatar,
        b1_0.book_name,
        b1_0.description,
        b1_0.label_id,
        b1_0.num_favorite,
        b1_0.num_reservation,
        b1_0.quantity 
    from
        book b1_0 
    order by
        b1_0.num_favorite desc
Hibernate: 
    select
        b1_0.book_id,
        b1_0.author,
        b1_0.avatar,
        b1_0.book_name,
        b1_0.description,
        b1_0.label_id,
        b1_0.num_favorite,
        b1_0.num_reservation,
        b1_0.quantity 
    from
        book b1_0 
    order by
        b1_0.num_favorite desc
]]></system-out>
  </testcase>
  <testcase name="testCreateBook_WithMinimalFields" classname="usyd.library_reservation_system.library_reservation_system.controller.BookControllerTest" time="0.055">
    <system-out><![CDATA[2025-11-02T17:12:24.169+11:00 DEBUG 30976 --- [library-reservation-system] [           main] org.hibernate.SQL                        : 
    insert 
    into
        book
        (author, avatar, book_name, description, label_id, num_favorite, num_reservation, quantity) 
    values
        (?, ?, ?, ?, ?, ?, ?, ?)
Hibernate: 
    insert 
    into
        book
        (author, avatar, book_name, description, label_id, num_favorite, num_reservation, quantity) 
    values
        (?, ?, ?, ?, ?, ?, ?, ?)
]]></system-out>
  </testcase>
  <testcase name="testIncrementFavoriteCount_WithValidHeader" classname="usyd.library_reservation_system.library_reservation_system.controller.BookControllerTest" time="0.104">
    <system-out><![CDATA[2025-11-02T17:12:24.292+11:00 DEBUG 30976 --- [library-reservation-system] [           main] org.hibernate.SQL                        : 
    select
        count(*) 
    from
        favorite f1_0 
    where
        (
            f1_0.book_id, f1_0.user_id
        )=(
            ?, ?
        )
Hibernate: 
    select
        count(*) 
    from
        favorite f1_0 
    where
        (
            f1_0.book_id, f1_0.user_id
        )=(
            ?, ?
        )
]]></system-out>
  </testcase>
  <testcase name="testIncrementReservationCount_NotExists" classname="usyd.library_reservation_system.library_reservation_system.controller.BookControllerTest" time="0.02">
    <system-out><![CDATA[2025-11-02T17:12:24.312+11:00 DEBUG 30976 --- [library-reservation-system] [           main] org.hibernate.SQL                        : 
    select
        b1_0.book_id,
        b1_0.author,
        b1_0.avatar,
        b1_0.book_name,
        b1_0.description,
        b1_0.label_id,
        b1_0.num_favorite,
        b1_0.num_reservation,
        b1_0.quantity 
    from
        book b1_0 
    where
        b1_0.book_id=?
Hibernate: 
    select
        b1_0.book_id,
        b1_0.author,
        b1_0.avatar,
        b1_0.book_name,
        b1_0.description,
        b1_0.label_id,
        b1_0.num_favorite,
        b1_0.num_reservation,
        b1_0.quantity 
    from
        book b1_0 
    where
        b1_0.book_id=?
]]></system-out>
  </testcase>
  <testcase name="testCreateBook" classname="usyd.library_reservation_system.library_reservation_system.controller.BookControllerTest" time="0.031">
    <system-out><![CDATA[2025-11-02T17:12:24.337+11:00 DEBUG 30976 --- [library-reservation-system] [           main] org.hibernate.SQL                        : 
    insert 
    into
        book
        (author, avatar, book_name, description, label_id, num_favorite, num_reservation, quantity) 
    values
        (?, ?, ?, ?, ?, ?, ?, ?)
Hibernate: 
    insert 
    into
        book
        (author, avatar, book_name, description, label_id, num_favorite, num_reservation, quantity) 
    values
        (?, ?, ?, ?, ?, ?, ?, ?)
]]></system-out>
  </testcase>
  <testcase name="testDeleteBook_NotExists" classname="usyd.library_reservation_system.library_reservation_system.controller.BookControllerTest" time="0.025">
    <system-out><![CDATA[2025-11-02T17:12:24.378+11:00 DEBUG 30976 --- [library-reservation-system] [           main] org.hibernate.SQL                        : 
    select
        count(*) 
    from
        book b1_0 
    where
        b1_0.book_id=?
Hibernate: 
    select
        count(*) 
    from
        book b1_0 
    where
        b1_0.book_id=?
]]></system-out>
  </testcase>
  <testcase name="testGetBooksByLabelId_InvalidLabel" classname="usyd.library_reservation_system.library_reservation_system.controller.BookControllerTest" time="0.025">
    <system-out><![CDATA[2025-11-02T17:12:24.403+11:00 DEBUG 30976 --- [library-reservation-system] [           main] org.hibernate.SQL                        : 
    select
        b1_0.book_id,
        b1_0.author,
        b1_0.avatar,
        b1_0.book_name,
        b1_0.description,
        b1_0.label_id,
        b1_0.num_favorite,
        b1_0.num_reservation,
        b1_0.quantity 
    from
        book b1_0 
    where
        b1_0.label_id=?
Hibernate: 
    select
        b1_0.book_id,
        b1_0.author,
        b1_0.avatar,
        b1_0.book_name,
        b1_0.description,
        b1_0.label_id,
        b1_0.num_favorite,
        b1_0.num_reservation,
        b1_0.quantity 
    from
        book b1_0 
    where
        b1_0.label_id=?
]]></system-out>
  </testcase>
  <testcase name="testGetBookById_Exists" classname="usyd.library_reservation_system.library_reservation_system.controller.BookControllerTest" time="0.029">
    <system-out><![CDATA[2025-11-02T17:12:24.432+11:00 DEBUG 30976 --- [library-reservation-system] [           main] org.hibernate.SQL                        : 
    select
        b1_0.book_id,
        b1_0.author,
        b1_0.avatar,
        b1_0.book_name,
        b1_0.description,
        b1_0.label_id,
        b1_0.num_favorite,
        b1_0.num_reservation,
        b1_0.quantity 
    from
        book b1_0 
    where
        b1_0.book_id=?
Hibernate: 
    select
        b1_0.book_id,
        b1_0.author,
        b1_0.avatar,
        b1_0.book_name,
        b1_0.description,
        b1_0.label_id,
        b1_0.num_favorite,
        b1_0.num_reservation,
        b1_0.quantity 
    from
        book b1_0 
    where
        b1_0.book_id=?
]]></system-out>
  </testcase>
  <testcase name="testGetBooksByLabelId" classname="usyd.library_reservation_system.library_reservation_system.controller.BookControllerTest" time="0.04">
    <system-out><![CDATA[2025-11-02T17:12:24.462+11:00 DEBUG 30976 --- [library-reservation-system] [           main] org.hibernate.SQL                        : 
    select
        b1_0.book_id,
        b1_0.author,
        b1_0.avatar,
        b1_0.book_name,
        b1_0.description,
        b1_0.label_id,
        b1_0.num_favorite,
        b1_0.num_reservation,
        b1_0.quantity 
    from
        book b1_0 
    where
        b1_0.label_id=?
Hibernate: 
    select
        b1_0.book_id,
        b1_0.author,
        b1_0.avatar,
        b1_0.book_name,
        b1_0.description,
        b1_0.label_id,
        b1_0.num_favorite,
        b1_0.num_reservation,
        b1_0.quantity 
    from
        book b1_0 
    where
        b1_0.label_id=?
]]></system-out>
  </testcase>
  <testcase name="testUpdateBookQuantity_NotExists" classname="usyd.library_reservation_system.library_reservation_system.controller.BookControllerTest" time="0.025">
    <system-out><![CDATA[2025-11-02T17:12:24.507+11:00 DEBUG 30976 --- [library-reservation-system] [           main] org.hibernate.SQL                        : 
    select
        b1_0.book_id,
        b1_0.author,
        b1_0.avatar,
        b1_0.book_name,
        b1_0.description,
        b1_0.label_id,
        b1_0.num_favorite,
        b1_0.num_reservation,
        b1_0.quantity 
    from
        book b1_0 
    where
        b1_0.book_id=?
Hibernate: 
    select
        b1_0.book_id,
        b1_0.author,
        b1_0.avatar,
        b1_0.book_name,
        b1_0.description,
        b1_0.label_id,
        b1_0.num_favorite,
        b1_0.num_reservation,
        b1_0.quantity 
    from
        book b1_0 
    where
        b1_0.book_id=?
]]></system-out>
  </testcase>
  <testcase name="testSearchBooks_EmptyResult" classname="usyd.library_reservation_system.library_reservation_system.controller.BookControllerTest" time="0.019">
    <system-out><![CDATA[2025-11-02T17:12:24.532+11:00 DEBUG 30976 --- [library-reservation-system] [           main] org.hibernate.SQL                        : 
    select
        b1_0.book_id,
        b1_0.author,
        b1_0.avatar,
        b1_0.book_name,
        b1_0.description,
        b1_0.label_id,
        b1_0.num_favorite,
        b1_0.num_reservation,
        b1_0.quantity 
    from
        book b1_0 
    where
        b1_0.book_name like replace(?, '\\', '\\\\') 
        or b1_0.author like replace(?, '\\', '\\\\')
Hibernate: 
    select
        b1_0.book_id,
        b1_0.author,
        b1_0.avatar,
        b1_0.book_name,
        b1_0.description,
        b1_0.label_id,
        b1_0.num_favorite,
        b1_0.num_reservation,
        b1_0.quantity 
    from
        book b1_0 
    where
        b1_0.book_name like replace(?, '\\', '\\\\') 
        or b1_0.author like replace(?, '\\', '\\\\')
]]></system-out>
  </testcase>
  <testcase name="testGetBookById_NotExists" classname="usyd.library_reservation_system.library_reservation_system.controller.BookControllerTest" time="0.025">
    <system-out><![CDATA[2025-11-02T17:12:24.552+11:00 DEBUG 30976 --- [library-reservation-system] [           main] org.hibernate.SQL                        : 
    select
        b1_0.book_id,
        b1_0.author,
        b1_0.avatar,
        b1_0.book_name,
        b1_0.description,
        b1_0.label_id,
        b1_0.num_favorite,
        b1_0.num_reservation,
        b1_0.quantity 
    from
        book b1_0 
    where
        b1_0.book_id=?
Hibernate: 
    select
        b1_0.book_id,
        b1_0.author,
        b1_0.avatar,
        b1_0.book_name,
        b1_0.description,
        b1_0.label_id,
        b1_0.num_favorite,
        b1_0.num_reservation,
        b1_0.quantity 
    from
        book b1_0 
    where
        b1_0.book_id=?
]]></system-out>
  </testcase>
  <testcase name="testSearchBooksByAuthor" classname="usyd.library_reservation_system.library_reservation_system.controller.BookControllerTest" time="0.031">
    <system-out><![CDATA[2025-11-02T17:12:24.582+11:00 DEBUG 30976 --- [library-reservation-system] [           main] org.hibernate.SQL                        : 
    select
        b1_0.book_id,
        b1_0.author,
        b1_0.avatar,
        b1_0.book_name,
        b1_0.description,
        b1_0.label_id,
        b1_0.num_favorite,
        b1_0.num_reservation,
        b1_0.quantity 
    from
        book b1_0 
    where
        b1_0.author like ? escape '\\'
Hibernate: 
    select
        b1_0.book_id,
        b1_0.author,
        b1_0.avatar,
        b1_0.book_name,
        b1_0.description,
        b1_0.label_id,
        b1_0.num_favorite,
        b1_0.num_reservation,
        b1_0.quantity 
    from
        book b1_0 
    where
        b1_0.author like ? escape '\\'
]]></system-out>
  </testcase>
  <testcase name="testIncrementFavoriteCount_WithInvalidHeader" classname="usyd.library_reservation_system.library_reservation_system.controller.BookControllerTest" time="0.009"/>
  <testcase name="testUpdateBookQuantity_Exists" classname="usyd.library_reservation_system.library_reservation_system.controller.BookControllerTest" time="0.035">
    <system-out><![CDATA[2025-11-02T17:12:24.624+11:00 DEBUG 30976 --- [library-reservation-system] [           main] org.hibernate.SQL                        : 
    select
        b1_0.book_id,
        b1_0.author,
        b1_0.avatar,
        b1_0.book_name,
        b1_0.description,
        b1_0.label_id,
        b1_0.num_favorite,
        b1_0.num_reservation,
        b1_0.quantity 
    from
        book b1_0 
    where
        b1_0.book_id=?
Hibernate: 
    select
        b1_0.book_id,
        b1_0.author,
        b1_0.avatar,
        b1_0.book_name,
        b1_0.description,
        b1_0.label_id,
        b1_0.num_favorite,
        b1_0.num_reservation,
        b1_0.quantity 
    from
        book b1_0 
    where
        b1_0.book_id=?
2025-11-02T17:12:24.629+11:00 DEBUG 30976 --- [library-reservation-system] [           main] org.hibernate.SQL                        : 
    update
        book 
    set
        author=?,
        avatar=?,
        book_name=?,
        description=?,
        label_id=?,
        num_favorite=?,
        num_reservation=?,
        quantity=? 
    where
        book_id=?
Hibernate: 
    update
        book 
    set
        author=?,
        avatar=?,
        book_name=?,
        description=?,
        label_id=?,
        num_favorite=?,
        num_reservation=?,
        quantity=? 
    where
        book_id=?
]]></system-out>
  </testcase>
  <testcase name="testUploadCover_WithEmptyFile" classname="usyd.library_reservation_system.library_reservation_system.controller.BookControllerTest" time="0.015">
    <system-out><![CDATA[📤 Received upload request - File: empty.jpg, Size: 0
❌ Error: No file uploaded
]]></system-out>
  </testcase>
</testsuite>