<?xml version="1.0" encoding="UTF-8"?>
<testsuite xmlns:xsi="http://www.w3.org/2001/XMLSchema-instance" xsi:noNamespaceSchemaLocation="https://maven.apache.org/surefire/maven-surefire-plugin/xsd/surefire-test-report-3.0.xsd" version="3.0" name="usyd.library_reservation_system.library_reservation_system.controller.AdminUserManagementControllerTest" time="9.853" tests="48" errors="0" skipped="0" failures="0">
  <properties>
[...]
</properties>
  <testcase name="testBan_OnlyAcceptsPatchMethod" classname="usyd.library_reservation_system.library_reservation_system.controller.AdminUserManagementControllerTest" time="0.372">
    <system-out><![CDATA[17:11:53.937 [main] INFO org.springframework.test.context.support.AnnotationConfigContextLoaderUtils -- Could not detect default configuration classes for test class [usyd.library_reservation_system.library_reservation_system.controller.AdminUserManagementControllerTest]: AdminUserManagementControllerTest does not declare any static, non-private, non-final, nested classes annotated with @Configuration.
17:11:54.779 [main] INFO org.springframework.boot.test.context.SpringBootTestContextBootstrapper -- Found @SpringBootConfiguration usyd.library_reservation_system.library_reservation_system.LibraryReservationSystemApplication for test class usyd.library_reservation_system.library_reservation_system.controller.AdminUserManagementControllerTest

  .   ____          _            __ _ _
 /\\ / ___'_ __ _ _(_)_ __  __ _ \ \ \ \
( ( )\___ | '_ | '_| | '_ \/ _` | \ \ \ \
 \\/  ___)| |_)| | | | | || (_| |  ) ) ) )
  '  |____| .__|_| |_|_| |_\__, | / / / /
 =========|_|==============|___/=/_/_/_/

 :: Spring Boot ::                (v3.5.5)

2025-11-02T17:11:56.563+11:00  INFO 30976 --- [library-reservation-system] [           main] .l.l.c.AdminUserManagementControllerTest : Starting AdminUserManagementControllerTest using Java 21.0.8 with PID 30976 (started by Admin in C:\Users\Admin\Documents\GitHub\Mon-12-15-Lab-Group-5\library-reservation-system)
2025-11-02T17:11:56.566+11:00  INFO 30976 --- [library-reservation-system] [           main] .l.l.c.AdminUserManagementControllerTest : No active profile set, falling back to 1 default profile: "default"
2025-11-02T17:11:59.967+11:00  INFO 30976 --- [library-reservation-system] [           main] o.s.b.t.m.w.SpringBootMockServletContext : Initializing Spring TestDispatcherServlet ''
2025-11-02T17:11:59.967+11:00  INFO 30976 --- [library-reservation-system] [           main] o.s.t.web.servlet.TestDispatcherServlet  : Initializing Servlet ''
2025-11-02T17:11:59.973+11:00  INFO 30976 --- [library-reservation-system] [           main] o.s.t.web.servlet.TestDispatcherServlet  : Completed initialization in 3 ms
2025-11-02T17:12:00.069+11:00  INFO 30976 --- [library-reservation-system] [           main] .l.l.c.AdminUserManagementControllerTest : Started AdminUserManagementControllerTest in 5.015 seconds (process running for 42.275)
]]></system-out>
  </testcase>
  <testcase name="testBan_WithLargeUserId" classname="usyd.library_reservation_system.library_reservation_system.controller.AdminUserManagementControllerTest" time="0.113"/>
  <testcase name="testSearch_OnlyAcceptsGetMethod" classname="usyd.library_reservation_system.library_reservation_system.controller.AdminUserManagementControllerTest" time="0.015"/>
  <testcase name="testResetPassword_UsesDefaultPassword" classname="usyd.library_reservation_system.library_reservation_system.controller.AdminUserManagementControllerTest" time="0.057"/>
  <testcase name="testResetPassword_WithNegativeUserId" classname="usyd.library_reservation_system.library_reservation_system.controller.AdminUserManagementControllerTest" time="0.022"/>
  <testcase name="testUnban_OnlyAcceptsPatchMethod" classname="usyd.library_reservation_system.library_reservation_system.controller.AdminUserManagementControllerTest" time="0.011"/>
  <testcase name="testBan_ReturnsNoContent" classname="usyd.library_reservation_system.library_reservation_system.controller.AdminUserManagementControllerTest" time="0.017"/>
  <testcase name="testResetPassword_WithZeroUserId" classname="usyd.library_reservation_system.library_reservation_system.controller.AdminUserManagementControllerTest" time="0.011"/>
  <testcase name="testBanUser_WithZeroUserId" classname="usyd.library_reservation_system.library_reservation_system.controller.AdminUserManagementControllerTest" time="0.013"/>
  <testcase name="testResetPassword_ServiceThrowsException" classname="usyd.library_reservation_system.library_reservation_system.controller.AdminUserManagementControllerTest" time="0.014"/>
  <testcase name="testUnbanUser_WithZeroUserId" classname="usyd.library_reservation_system.library_reservation_system.controller.AdminUserManagementControllerTest" time="0.014"/>
  <testcase name="testBanUser_Success" classname="usyd.library_reservation_system.library_reservation_system.controller.AdminUserManagementControllerTest" time="0.012"/>
  <testcase name="testUnbanUser_NotBanned" classname="usyd.library_reservation_system.library_reservation_system.controller.AdminUserManagementControllerTest" time="0.016"/>
  <testcase name="testSearch_WithChineseCharacters" classname="usyd.library_reservation_system.library_reservation_system.controller.AdminUserManagementControllerTest" time="0.546"/>
  <testcase name="testSearch_WithWhitespace" classname="usyd.library_reservation_system.library_reservation_system.controller.AdminUserManagementControllerTest" time="0.128"/>
  <testcase name="testResetPassword_ReturnsJsonObject" classname="usyd.library_reservation_system.library_reservation_system.controller.AdminUserManagementControllerTest" time="0.034"/>
  <testcase name="testSearchAndBan_Workflow" classname="usyd.library_reservation_system.library_reservation_system.controller.AdminUserManagementControllerTest" time="0.03"/>
  <testcase name="testSearch_WithNumericUsername" classname="usyd.library_reservation_system.library_reservation_system.controller.AdminUserManagementControllerTest" time="0.04"/>
  <testcase name="testBanUser_WithDifferentUserId" classname="usyd.library_reservation_system.library_reservation_system.controller.AdminUserManagementControllerTest" time="0.034"/>
  <testcase name="testResetPassword_WithDifferentUserId" classname="usyd.library_reservation_system.library_reservation_system.controller.AdminUserManagementControllerTest" time="0.155"/>
  <testcase name="testUnban_ReturnsNoContent" classname="usyd.library_reservation_system.library_reservation_system.controller.AdminUserManagementControllerTest" time="0.02"/>
  <testcase name="testResetPassword_MultipleUsers" classname="usyd.library_reservation_system.library_reservation_system.controller.AdminUserManagementControllerTest" time="0.043"/>
  <testcase name="testSearch_WithSingleUser" classname="usyd.library_reservation_system.library_reservation_system.controller.AdminUserManagementControllerTest" time="0.079"/>
  <testcase name="testBanUser_ServiceThrowsException" classname="usyd.library_reservation_system.library_reservation_system.controller.AdminUserManagementControllerTest" time="0.088"/>
  <testcase name="testUnbanUser_ServiceThrowsException" classname="usyd.library_reservation_system.library_reservation_system.controller.AdminUserManagementControllerTest" time="0.03"/>
  <testcase name="testResetPassword_Success" classname="usyd.library_reservation_system.library_reservation_system.controller.AdminUserManagementControllerTest" time="0.024"/>
  <testcase name="testSearch_WithNoMatchingUsers" classname="usyd.library_reservation_system.library_reservation_system.controller.AdminUserManagementControllerTest" time="0.11"/>
  <testcase name="testUnbanUser_MultipleUsers" classname="usyd.library_reservation_system.library_reservation_system.controller.AdminUserManagementControllerTest" time="0.093"/>
  <testcase name="testBanUser_AlreadyBanned" classname="usyd.library_reservation_system.library_reservation_system.controller.AdminUserManagementControllerTest" time="0.054"/>
  <testcase name="testSearch_WithSpecialCharacters" classname="usyd.library_reservation_system.library_reservation_system.controller.AdminUserManagementControllerTest" time="0.046"/>
  <testcase name="testResetPassword_OnlyAcceptsPostMethod" classname="usyd.library_reservation_system.library_reservation_system.controller.AdminUserManagementControllerTest" time="0.013"/>
  <testcase name="testSearch_ReturnsJsonArray" classname="usyd.library_reservation_system.library_reservation_system.controller.AdminUserManagementControllerTest" time="0.031"/>
  <testcase name="testBanAndUnban_Workflow" classname="usyd.library_reservation_system.library_reservation_system.controller.AdminUserManagementControllerTest" time="0.035"/>
  <testcase name="testUnbanUser_Success" classname="usyd.library_reservation_system.library_reservation_system.controller.AdminUserManagementControllerTest" time="0.058"/>
  <testcase name="testCorsEnabled_ForSearchEndpoint" classname="usyd.library_reservation_system.library_reservation_system.controller.AdminUserManagementControllerTest" time="0.035"/>
  <testcase name="testCorsEnabled_ForBanEndpoint" classname="usyd.library_reservation_system.library_reservation_system.controller.AdminUserManagementControllerTest" time="0.015"/>
  <testcase name="testUnbanUser_WithDifferentUserId" classname="usyd.library_reservation_system.library_reservation_system.controller.AdminUserManagementControllerTest" time="0.045"/>
  <testcase name="testSearch_WithEmptyString" classname="usyd.library_reservation_system.library_reservation_system.controller.AdminUserManagementControllerTest" time="0.025"/>
  <testcase name="testCorrectBasePath" classname="usyd.library_reservation_system.library_reservation_system.controller.AdminUserManagementControllerTest" time="0.119"/>
  <testcase name="testUnban_WithLargeUserId" classname="usyd.library_reservation_system.library_reservation_system.controller.AdminUserManagementControllerTest" time="0.012"/>
  <testcase name="testServiceIsCalled_ExactlyOncePerRequest" classname="usyd.library_reservation_system.library_reservation_system.controller.AdminUserManagementControllerTest" time="0.037"/>
  <testcase name="testBanUser_MultipleUsers" classname="usyd.library_reservation_system.library_reservation_system.controller.AdminUserManagementControllerTest" time="0.059"/>
  <testcase name="testSearch_WithMatchingUsers" classname="usyd.library_reservation_system.library_reservation_system.controller.AdminUserManagementControllerTest" time="0.024"/>
  <testcase name="testSearch_WithCaseInsensitiveMatch" classname="usyd.library_reservation_system.library_reservation_system.controller.AdminUserManagementControllerTest" time="0.013"/>
  <testcase name="testResetPassword_RequiresUserId" classname="usyd.library_reservation_system.library_reservation_system.controller.AdminUserManagementControllerTest" time="0.034"/>
  <testcase name="testSearchAndResetPassword_Workflow" classname="usyd.library_reservation_system.library_reservation_system.controller.AdminUserManagementControllerTest" time="0.042"/>
  <testcase name="testSearch_WithBannedUsers" classname="usyd.library_reservation_system.library_reservation_system.controller.AdminUserManagementControllerTest" time="0.024"/>
  <testcase name="testAllEndpoints_ReturnCorrectStatusCodes" classname="usyd.library_reservation_system.library_reservation_system.controller.AdminUserManagementControllerTest" time="0.065"/>
</testsuite>